0 info it worked if it ends with ok
1 verbose cli [ 'C:\\Program Files\\nodejs\\node.exe',
1 verbose cli   'C:\\Program Files\\nodejs\\node_modules\\npm\\bin\\npm-cli.js',
1 verbose cli   'start' ]
2 info using npm@3.6.0
3 info using node@v5.7.1
4 verbose run-script [ 'prestart', 'start', 'poststart' ]
5 info lifecycle FileUploaderApp@~prestart: FileUploaderApp@
6 silly lifecycle FileUploaderApp@~prestart: no script for prestart, continuing
7 info lifecycle FileUploaderApp@~start: FileUploaderApp@
8 verbose lifecycle FileUploaderApp@~start: unsafe-perm in lifecycle true
9 verbose lifecycle FileUploaderApp@~start: PATH: C:\Program Files\nodejs\node_modules\npm\bin\node-gyp-bin;C:\Users\Kiran\Desktop\Projects\File_Uploader\node_modules\.bin;C:\ProgramData\Oracle\Java\javapath;C:\WINDOWS\system32;C:\WINDOWS;C:\WINDOWS\System32\Wbem;C:\WINDOWS\System32\WindowsPowerShell\v1.0\;C:\ProgramData\chocolatey\bin;C:\Program Files\Microsoft SQL Server\120\Tools\Binn\;C:\WINDOWS\system32;C:\WINDOWS;C:\WINDOWS\System32\Wbem;C:\WINDOWS\System32\WindowsPowerShell\v1.0\;C:\Program Files (x86)\GtkSharp\2.12\bin;C:\Program Files\nodejs\;C:\Users\Kiran\AppData\Local\Android\sdk\platform-tools;C:\Users\Kiran\AppData\Local\Android\sdk\tools;M:\Softwares\apache-ant-1.9.6-bin\apache-ant-1.9.6\bin;C:\mongodb\bin;C:\Users\Kiran\AppData\Local\Programs\Python\Python35-32\Scripts\;C:\Users\Kiran\AppData\Local\Programs\Python\Python35-32\;C:\Program Files\Git\bin;C:\Users\Kiran\AppData\Roaming\npm;C:\Python27\Lib
10 verbose lifecycle FileUploaderApp@~start: CWD: C:\Users\Kiran\Desktop\Projects\File_Uploader
11 silly lifecycle FileUploaderApp@~start: Args: [ '/d /s /c', 'node server.js' ]
12 silly lifecycle FileUploaderApp@~start: Returned: code: 1  signal: null
13 info lifecycle FileUploaderApp@~start: Failed to exec start script
14 verbose stack Error: FileUploaderApp@ start: `node server.js`
14 verbose stack Exit status 1
14 verbose stack     at EventEmitter.<anonymous> (C:\Program Files\nodejs\node_modules\npm\lib\utils\lifecycle.js:232:16)
14 verbose stack     at emitTwo (events.js:100:13)
14 verbose stack     at EventEmitter.emit (events.js:185:7)
14 verbose stack     at ChildProcess.<anonymous> (C:\Program Files\nodejs\node_modules\npm\lib\utils\spawn.js:24:14)
14 verbose stack     at emitTwo (events.js:100:13)
14 verbose stack     at ChildProcess.emit (events.js:185:7)
14 verbose stack     at maybeClose (internal/child_process.js:827:16)
14 verbose stack     at Process.ChildProcess._handle.onexit (internal/child_process.js:211:5)
15 verbose pkgid FileUploaderApp@
16 verbose cwd C:\Users\Kiran\Desktop\Projects\File_Uploader
17 error Windows_NT 10.0.10586
18 error argv "C:\\Program Files\\nodejs\\node.exe" "C:\\Program Files\\nodejs\\node_modules\\npm\\bin\\npm-cli.js" "start"
19 error node v5.7.1
20 error npm  v3.6.0
21 error code ELIFECYCLE
22 error FileUploaderApp@ start: `node server.js`
22 error Exit status 1
23 error Failed at the FileUploaderApp@ start script 'node server.js'.
23 error Make sure you have the latest version of node.js and npm installed.
23 error If you do, this is most likely a problem with the FileUploaderApp package,
23 error not with npm itself.
23 error Tell the author that this fails on your system:
23 error     node server.js
23 error You can get information on how to open an issue for this project with:
23 error     npm bugs FileUploaderApp
23 error Or if that isn't available, you can get their info via:
23 error     npm owner ls FileUploaderApp
23 error There is likely additional logging output above.
24 verbose exit [ 1, true ]
